ARM GAS  /tmp/ccW98Ld6.s 			page 1


   1              		.cpu cortex-m4
   2              		.arch armv7e-m
   3              		.fpu fpv4-sp-d16
   4              		.eabi_attribute 27, 1
   5              		.eabi_attribute 28, 1
   6              		.eabi_attribute 20, 1
   7              		.eabi_attribute 21, 1
   8              		.eabi_attribute 23, 3
   9              		.eabi_attribute 24, 1
  10              		.eabi_attribute 25, 1
  11              		.eabi_attribute 26, 1
  12              		.eabi_attribute 30, 1
  13              		.eabi_attribute 34, 1
  14              		.eabi_attribute 18, 4
  15              		.file	"gpio.c"
  16              		.text
  17              	.Ltext0:
  18              		.cfi_sections	.debug_frame
  19              		.file 1 "Core/Src/gpio.c"
  20              		.section	.text.MX_GPIO_Init,"ax",%progbits
  21              		.align	1
  22              		.global	MX_GPIO_Init
  23              		.syntax unified
  24              		.thumb
  25              		.thumb_func
  27              	MX_GPIO_Init:
  28              	.LFB132:
   1:Core/Src/gpio.c **** /* USER CODE BEGIN Header */
   2:Core/Src/gpio.c **** /**
   3:Core/Src/gpio.c ****   ******************************************************************************
   4:Core/Src/gpio.c ****   * @file    gpio.c
   5:Core/Src/gpio.c ****   * @brief   This file provides code for the configuration
   6:Core/Src/gpio.c ****   *          of all used GPIO pins.
   7:Core/Src/gpio.c ****   ******************************************************************************
   8:Core/Src/gpio.c ****   * @attention
   9:Core/Src/gpio.c ****   *
  10:Core/Src/gpio.c ****   * Copyright (c) 2026 STMicroelectronics.
  11:Core/Src/gpio.c ****   * All rights reserved.
  12:Core/Src/gpio.c ****   *
  13:Core/Src/gpio.c ****   * This software is licensed under terms that can be found in the LICENSE file
  14:Core/Src/gpio.c ****   * in the root directory of this software component.
  15:Core/Src/gpio.c ****   * If no LICENSE file comes with this software, it is provided AS-IS.
  16:Core/Src/gpio.c ****   *
  17:Core/Src/gpio.c ****   ******************************************************************************
  18:Core/Src/gpio.c ****   */
  19:Core/Src/gpio.c **** /* USER CODE END Header */
  20:Core/Src/gpio.c **** 
  21:Core/Src/gpio.c **** /* Includes ------------------------------------------------------------------*/
  22:Core/Src/gpio.c **** #include "gpio.h"
  23:Core/Src/gpio.c **** 
  24:Core/Src/gpio.c **** /* USER CODE BEGIN 0 */
  25:Core/Src/gpio.c **** 
  26:Core/Src/gpio.c **** /* USER CODE END 0 */
  27:Core/Src/gpio.c **** 
  28:Core/Src/gpio.c **** /*----------------------------------------------------------------------------*/
  29:Core/Src/gpio.c **** /* Configure GPIO                                                             */
  30:Core/Src/gpio.c **** /*----------------------------------------------------------------------------*/
ARM GAS  /tmp/ccW98Ld6.s 			page 2


  31:Core/Src/gpio.c **** /* USER CODE BEGIN 1 */
  32:Core/Src/gpio.c **** 
  33:Core/Src/gpio.c **** /* USER CODE END 1 */
  34:Core/Src/gpio.c **** 
  35:Core/Src/gpio.c **** /** Configure pins as
  36:Core/Src/gpio.c ****         * Analog
  37:Core/Src/gpio.c ****         * Input
  38:Core/Src/gpio.c ****         * Output
  39:Core/Src/gpio.c ****         * EVENT_OUT
  40:Core/Src/gpio.c ****         * EXTI
  41:Core/Src/gpio.c **** */
  42:Core/Src/gpio.c **** void MX_GPIO_Init(void)
  43:Core/Src/gpio.c **** {
  29              		.loc 1 43 1 view -0
  30              		.cfi_startproc
  31              		@ args = 0, pretend = 0, frame = 40
  32              		@ frame_needed = 0, uses_anonymous_args = 0
  33 0000 70B5     		push	{r4, r5, r6, lr}
  34              	.LCFI0:
  35              		.cfi_def_cfa_offset 16
  36              		.cfi_offset 4, -16
  37              		.cfi_offset 5, -12
  38              		.cfi_offset 6, -8
  39              		.cfi_offset 14, -4
  40 0002 8AB0     		sub	sp, sp, #40
  41              	.LCFI1:
  42              		.cfi_def_cfa_offset 56
  44:Core/Src/gpio.c **** 
  45:Core/Src/gpio.c ****   GPIO_InitTypeDef GPIO_InitStruct = {0};
  43              		.loc 1 45 3 view .LVU1
  44              		.loc 1 45 20 is_stmt 0 view .LVU2
  45 0004 05AD     		add	r5, sp, #20
  46 0006 0024     		movs	r4, #0
  47 0008 0594     		str	r4, [sp, #20]
  48 000a 0694     		str	r4, [sp, #24]
  49 000c 0794     		str	r4, [sp, #28]
  50 000e 0894     		str	r4, [sp, #32]
  51 0010 0994     		str	r4, [sp, #36]
  46:Core/Src/gpio.c **** 
  47:Core/Src/gpio.c ****   /* GPIO Ports Clock Enable */
  48:Core/Src/gpio.c ****   __HAL_RCC_GPIOC_CLK_ENABLE();
  52              		.loc 1 48 3 is_stmt 1 view .LVU3
  53              	.LBB2:
  54              		.loc 1 48 3 view .LVU4
  55              		.loc 1 48 3 view .LVU5
  56 0012 204B     		ldr	r3, .L3
  57 0014 DA6C     		ldr	r2, [r3, #76]
  58 0016 42F00402 		orr	r2, r2, #4
  59 001a DA64     		str	r2, [r3, #76]
  60              		.loc 1 48 3 view .LVU6
  61 001c DA6C     		ldr	r2, [r3, #76]
  62 001e 02F00402 		and	r2, r2, #4
  63 0022 0192     		str	r2, [sp, #4]
  64              		.loc 1 48 3 view .LVU7
  65 0024 019A     		ldr	r2, [sp, #4]
  66              	.LBE2:
  67              		.loc 1 48 3 view .LVU8
ARM GAS  /tmp/ccW98Ld6.s 			page 3


  49:Core/Src/gpio.c ****   __HAL_RCC_GPIOF_CLK_ENABLE();
  68              		.loc 1 49 3 view .LVU9
  69              	.LBB3:
  70              		.loc 1 49 3 view .LVU10
  71              		.loc 1 49 3 view .LVU11
  72 0026 DA6C     		ldr	r2, [r3, #76]
  73 0028 42F02002 		orr	r2, r2, #32
  74 002c DA64     		str	r2, [r3, #76]
  75              		.loc 1 49 3 view .LVU12
  76 002e DA6C     		ldr	r2, [r3, #76]
  77 0030 02F02002 		and	r2, r2, #32
  78 0034 0292     		str	r2, [sp, #8]
  79              		.loc 1 49 3 view .LVU13
  80 0036 029A     		ldr	r2, [sp, #8]
  81              	.LBE3:
  82              		.loc 1 49 3 view .LVU14
  50:Core/Src/gpio.c ****   __HAL_RCC_GPIOB_CLK_ENABLE();
  83              		.loc 1 50 3 view .LVU15
  84              	.LBB4:
  85              		.loc 1 50 3 view .LVU16
  86              		.loc 1 50 3 view .LVU17
  87 0038 DA6C     		ldr	r2, [r3, #76]
  88 003a 42F00202 		orr	r2, r2, #2
  89 003e DA64     		str	r2, [r3, #76]
  90              		.loc 1 50 3 view .LVU18
  91 0040 DA6C     		ldr	r2, [r3, #76]
  92 0042 02F00202 		and	r2, r2, #2
  93 0046 0392     		str	r2, [sp, #12]
  94              		.loc 1 50 3 view .LVU19
  95 0048 039A     		ldr	r2, [sp, #12]
  96              	.LBE4:
  97              		.loc 1 50 3 view .LVU20
  51:Core/Src/gpio.c ****   __HAL_RCC_GPIOA_CLK_ENABLE();
  98              		.loc 1 51 3 view .LVU21
  99              	.LBB5:
 100              		.loc 1 51 3 view .LVU22
 101              		.loc 1 51 3 view .LVU23
 102 004a DA6C     		ldr	r2, [r3, #76]
 103 004c 42F00102 		orr	r2, r2, #1
 104 0050 DA64     		str	r2, [r3, #76]
 105              		.loc 1 51 3 view .LVU24
 106 0052 DB6C     		ldr	r3, [r3, #76]
 107 0054 03F00103 		and	r3, r3, #1
 108 0058 0493     		str	r3, [sp, #16]
 109              		.loc 1 51 3 view .LVU25
 110 005a 049B     		ldr	r3, [sp, #16]
 111              	.LBE5:
 112              		.loc 1 51 3 view .LVU26
  52:Core/Src/gpio.c **** 
  53:Core/Src/gpio.c ****   /*Configure GPIO pin Output Level */
  54:Core/Src/gpio.c ****   HAL_GPIO_WritePin(GPIOC, LED6_Pin|LED7_Pin|LED8_Pin|LED1_Pin
 113              		.loc 1 54 3 view .LVU27
 114 005c 0E4E     		ldr	r6, .L3+4
 115 005e 0122     		movs	r2, #1
 116 0060 4FF47F41 		mov	r1, #65280
 117 0064 3046     		mov	r0, r6
 118 0066 FFF7FEFF 		bl	HAL_GPIO_WritePin
ARM GAS  /tmp/ccW98Ld6.s 			page 4


 119              	.LVL0:
  55:Core/Src/gpio.c ****                           |LED2_Pin|LED3_Pin|LED4_Pin|LED5_Pin, GPIO_PIN_SET);
  56:Core/Src/gpio.c **** 
  57:Core/Src/gpio.c ****   /*Configure GPIO pins : LED6_Pin LED7_Pin LED8_Pin LED1_Pin
  58:Core/Src/gpio.c ****                            LED2_Pin LED3_Pin LED4_Pin LED5_Pin */
  59:Core/Src/gpio.c ****   GPIO_InitStruct.Pin = LED6_Pin|LED7_Pin|LED8_Pin|LED1_Pin
 120              		.loc 1 59 3 view .LVU28
 121              		.loc 1 59 23 is_stmt 0 view .LVU29
 122 006a 4FF47F43 		mov	r3, #65280
 123 006e 0593     		str	r3, [sp, #20]
  60:Core/Src/gpio.c ****                           |LED2_Pin|LED3_Pin|LED4_Pin|LED5_Pin;
  61:Core/Src/gpio.c ****   GPIO_InitStruct.Mode = GPIO_MODE_OUTPUT_PP;
 124              		.loc 1 61 3 is_stmt 1 view .LVU30
 125              		.loc 1 61 24 is_stmt 0 view .LVU31
 126 0070 0123     		movs	r3, #1
 127 0072 0693     		str	r3, [sp, #24]
  62:Core/Src/gpio.c ****   GPIO_InitStruct.Pull = GPIO_PULLUP;
 128              		.loc 1 62 3 is_stmt 1 view .LVU32
 129              		.loc 1 62 24 is_stmt 0 view .LVU33
 130 0074 0793     		str	r3, [sp, #28]
  63:Core/Src/gpio.c ****   GPIO_InitStruct.Speed = GPIO_SPEED_FREQ_LOW;
 131              		.loc 1 63 3 is_stmt 1 view .LVU34
 132              		.loc 1 63 25 is_stmt 0 view .LVU35
 133 0076 0894     		str	r4, [sp, #32]
  64:Core/Src/gpio.c ****   HAL_GPIO_Init(GPIOC, &GPIO_InitStruct);
 134              		.loc 1 64 3 is_stmt 1 view .LVU36
 135 0078 2946     		mov	r1, r5
 136 007a 3046     		mov	r0, r6
 137 007c FFF7FEFF 		bl	HAL_GPIO_Init
 138              	.LVL1:
  65:Core/Src/gpio.c **** 
  66:Core/Src/gpio.c ****   /*Configure GPIO pins : BTN1_Pin BTN2_Pin */
  67:Core/Src/gpio.c ****   GPIO_InitStruct.Pin = BTN1_Pin|BTN2_Pin;
 139              		.loc 1 67 3 view .LVU37
 140              		.loc 1 67 23 is_stmt 0 view .LVU38
 141 0080 0323     		movs	r3, #3
 142 0082 0593     		str	r3, [sp, #20]
  68:Core/Src/gpio.c ****   GPIO_InitStruct.Mode = GPIO_MODE_INPUT;
 143              		.loc 1 68 3 is_stmt 1 view .LVU39
 144              		.loc 1 68 24 is_stmt 0 view .LVU40
 145 0084 0694     		str	r4, [sp, #24]
  69:Core/Src/gpio.c ****   GPIO_InitStruct.Pull = GPIO_NOPULL;
 146              		.loc 1 69 3 is_stmt 1 view .LVU41
 147              		.loc 1 69 24 is_stmt 0 view .LVU42
 148 0086 0794     		str	r4, [sp, #28]
  70:Core/Src/gpio.c ****   HAL_GPIO_Init(GPIOB, &GPIO_InitStruct);
 149              		.loc 1 70 3 is_stmt 1 view .LVU43
 150 0088 2946     		mov	r1, r5
 151 008a 0448     		ldr	r0, .L3+8
 152 008c FFF7FEFF 		bl	HAL_GPIO_Init
 153              	.LVL2:
  71:Core/Src/gpio.c **** 
  72:Core/Src/gpio.c **** }
 154              		.loc 1 72 1 is_stmt 0 view .LVU44
 155 0090 0AB0     		add	sp, sp, #40
 156              	.LCFI2:
 157              		.cfi_def_cfa_offset 16
ARM GAS  /tmp/ccW98Ld6.s 			page 5


 158              		@ sp needed
 159 0092 70BD     		pop	{r4, r5, r6, pc}
 160              	.L4:
 161              		.align	2
 162              	.L3:
 163 0094 00100240 		.word	1073876992
 164 0098 00080048 		.word	1207961600
 165 009c 00040048 		.word	1207960576
 166              		.cfi_endproc
 167              	.LFE132:
 169              		.text
 170              	.Letext0:
 171              		.file 2 "/home/ferne/Embedded/arm/arm-gnu-toolchain-15.2.rel1-x86_64-arm-none-eabi/arm-none-eabi/i
 172              		.file 3 "/home/ferne/Embedded/arm/arm-gnu-toolchain-15.2.rel1-x86_64-arm-none-eabi/arm-none-eabi/i
 173              		.file 4 "Drivers/CMSIS/Device/ST/STM32G4xx/Include/stm32g431xx.h"
 174              		.file 5 "Drivers/STM32G4xx_HAL_Driver/Inc/stm32g4xx_hal_gpio.h"
ARM GAS  /tmp/ccW98Ld6.s 			page 6


DEFINED SYMBOLS
                            *ABS*:00000000 gpio.c
     /tmp/ccW98Ld6.s:21     .text.MX_GPIO_Init:00000000 $t
     /tmp/ccW98Ld6.s:27     .text.MX_GPIO_Init:00000000 MX_GPIO_Init
     /tmp/ccW98Ld6.s:163    .text.MX_GPIO_Init:00000094 $d

UNDEFINED SYMBOLS
HAL_GPIO_WritePin
HAL_GPIO_Init
